Determining if the pthread_create exist failed with the following output:
Change Dir: /home/smeshan/workspace/buttons/build/CMakeFiles/CMakeTmp

Run Build Command:"/usr/bin/make" "cmTC_ef65e/fast"
/usr/bin/make -f CMakeFiles/cmTC_ef65e.dir/build.make CMakeFiles/cmTC_ef65e.dir/build
make[1]: Entering directory '/home/smeshan/workspace/buttons/build/CMakeFiles/CMakeTmp'
Building CXX object CMakeFiles/cmTC_ef65e.dir/CheckSymbolExists.cxx.o
/usr/bin/c++     -o CMakeFiles/cmTC_ef65e.dir/CheckSymbolExists.cxx.o -c /home/smeshan/workspace/buttons/build/CMakeFiles/CMakeTmp/CheckSymbolExists.cxx
Linking CXX executable cmTC_ef65e
/usr/bin/cmake -E cmake_link_script CMakeFiles/cmTC_ef65e.dir/link.txt --verbose=1
/usr/bin/c++       CMakeFiles/cmTC_ef65e.dir/CheckSymbolExists.cxx.o  -o cmTC_ef65e 
CMakeFiles/cmTC_ef65e.dir/CheckSymbolExists.cxx.o: In function `main':
CheckSymbolExists.cxx:(.text+0x1b): undefined reference to `pthread_create'
collect2: error: ld returned 1 exit status
CMakeFiles/cmTC_ef65e.dir/build.make:97: recipe for target 'cmTC_ef65e' failed
make[1]: *** [cmTC_ef65e] Error 1
make[1]: Leaving directory '/home/smeshan/workspace/buttons/build/CMakeFiles/CMakeTmp'
Makefile:126: recipe for target 'cmTC_ef65e/fast' failed
make: *** [cmTC_ef65e/fast] Error 2

File /home/smeshan/workspace/buttons/build/CMakeFiles/CMakeTmp/CheckSymbolExists.cxx:
/* */
#include <pthread.h>

int main(int argc, char** argv)
{
  (void)argv;
#ifndef pthread_create
  return ((int*)(&pthread_create))[argc];
#else
  (void)argc;
  return 0;
#endif
}

Determining if the function pthread_create exists in the pthreads failed with the following output:
Change Dir: /home/smeshan/workspace/buttons/build/CMakeFiles/CMakeTmp

Run Build Command:"/usr/bin/make" "cmTC_833cc/fast"
/usr/bin/make -f CMakeFiles/cmTC_833cc.dir/build.make CMakeFiles/cmTC_833cc.dir/build
make[1]: Entering directory '/home/smeshan/workspace/buttons/build/CMakeFiles/CMakeTmp'
Building CXX object CMakeFiles/cmTC_833cc.dir/CheckFunctionExists.cxx.o
/usr/bin/c++    -DCHECK_FUNCTION_EXISTS=pthread_create   -o CMakeFiles/cmTC_833cc.dir/CheckFunctionExists.cxx.o -c /home/smeshan/workspace/buttons/build/CMakeFiles/CheckLibraryExists/CheckFunctionExists.cxx
Linking CXX executable cmTC_833cc
/usr/bin/cmake -E cmake_link_script CMakeFiles/cmTC_833cc.dir/link.txt --verbose=1
/usr/bin/c++   -DCHECK_FUNCTION_EXISTS=pthread_create    CMakeFiles/cmTC_833cc.dir/CheckFunctionExists.cxx.o  -o cmTC_833cc -lpthreads 
/usr/bin/ld: cannot find -lpthreads
collect2: error: ld returned 1 exit status
CMakeFiles/cmTC_833cc.dir/build.make:97: recipe for target 'cmTC_833cc' failed
make[1]: *** [cmTC_833cc] Error 1
make[1]: Leaving directory '/home/smeshan/workspace/buttons/build/CMakeFiles/CMakeTmp'
Makefile:126: recipe for target 'cmTC_833cc/fast' failed
make: *** [cmTC_833cc/fast] Error 2


